<?xml version="1.0" encoding="UTF-8"?>
<testng-results ignored="0" total="1" passed="1" failed="0" skipped="0">
  <reporter-output>
  </reporter-output>
  <suite started-at="2022-09-26T17:52:08 IST" name="Surefire suite" finished-at="2022-09-26T17:52:19 IST" duration-ms="11263">
    <groups>
    </groups>
    <test started-at="2022-09-26T17:52:08 IST" name="Surefire test" finished-at="2022-09-26T17:52:19 IST" duration-ms="11263">
      <class name="com.inetBanking.testCases.LoginPageTest">
        <test-method is-config="true" signature="setUp()[pri:0, instance:com.inetBanking.testCases.LoginPageTest@4d339552]" started-at="2022-09-26T17:52:08 IST" name="setUp" finished-at="2022-09-26T17:52:13 IST" duration-ms="4731" status="PASS">
          <reporter-output>
          </reporter-output>
        </test-method> <!-- setUp -->
        <test-method signature="loginTest()[pri:0, instance:com.inetBanking.testCases.LoginPageTest@4d339552]" started-at="2022-09-26T17:52:13 IST" name="loginTest" finished-at="2022-09-26T17:52:17 IST" duration-ms="4428" status="PASS">
          <reporter-output>
          </reporter-output>
        </test-method> <!-- loginTest -->
        <test-method is-config="true" signature="tearDown()[pri:0, instance:com.inetBanking.testCases.LoginPageTest@4d339552]" started-at="2022-09-26T17:52:17 IST" name="tearDown" finished-at="2022-09-26T17:52:19 IST" duration-ms="2078" status="PASS">
          <reporter-output>
          </reporter-output>
        </test-method> <!-- tearDown -->
      </class> <!-- com.inetBanking.testCases.LoginPageTest -->
    </test> <!-- Surefire test -->
  </suite> <!-- Surefire suite -->
</testng-results>
